app/build/outputs/mapping/release/seeds.txt
in.magicqr.dropzonevendor.twa.DelegationService
in.magicqr.dropzonevendor.twa.Application
in.magicqr.dropzonevendor.twa.LauncherActivity
in.magicqr.dropzonevendor.twa.LauncherActivity: LauncherActivity()
in.magicqr.dropzonevendor.twa.Application: Application()
in.magicqr.dropzonevendor.twa.DelegationService: DelegationService()
...
com.google.androidbrowserhelper.locationdelegation.PermissionRequestActivity
com.google.android.gms.common.GooglePlayServicesIncorrectManifestValueException
com.google.android.gms.common.api.internal.LifecycleCallback
com.google.android.gms.common.GooglePlayServicesMissingManifestValueException
com.google.android.gms.common.api.Scope
com.google.android.gms.location.LocationResult
androidx.core.app.CoreComponentFactory
androidx.core.graphics.drawable.IconCompatParcelizer
androidx.lifecycle.ReflectiveGenericLifecycleObserver
androidx.lifecycle.LiveData$LifecycleBoundObserver
com.google.android.gms.common.api.internal.BasePendingResult
com.google.android.gms.auth.api.signin.GoogleSignInAccount
androidx.lifecycle.SingleGeneratedAdapterObserver
com.google.android.gms.location.LocationAvailability
androidx.core.graphics.drawable.IconCompat
com.google.android.gms.common.api.GoogleApiActivity
com.google.androidbrowserhelper.trusted.FocusActivity
androidx.annotation.Keep
com.google.androidbrowserhelper.trusted.WebViewFallbackActivity
com.google.androidbrowserhelper.trusted.ManageDataLauncherActivity
androidx.core.content.FileProvider
com.google.android.gms.common.annotation.KeepName
com.google.android.gms.common.internal.ReflectedParcelable
androidx.versionedparcelable.CustomVersionedParcelable
com.google.android.gms.dynamite.DynamiteModule$DynamiteLoaderClassLoader
com.google.android.gms.common.api.Status
androidx.core.app.RemoteActionCompatParcelizer
com.google.android.gms.location.LocationRequest
android.support.v4.app.RemoteActionCompatParcelizer
com.google.android.gms.common.util.DynamiteApi
androidx.browser.browseractions.BrowserActionsFallbackMenuView
androidx.core.app.RemoteActionCompat
android.support.v4.graphics.drawable.IconCompatParcelizer
androidx.lifecycle.CompositeGeneratedAdaptersObserver
com.google.androidbrowserhelper.trusted.NotificationPermissionRequestActivity
androidx.versionedparcelable.ParcelImpl
com.google.android.gms.common.GooglePlayServicesManifestException
androidx.lifecycle.FullLifecycleObserverAdapter
com.google.android.gms.common.internal.zzj: android.os.Parcelable$Creator CREATOR
com.google.android.gms.common.Feature: android.os.Parcelable$Creator CREATOR
com.google.android.gms.signin.internal.zaa: android.os.Parcelable$Creator CREATOR
com.google.android.gms.signin.internal.zak: android.os.Parcelable$Creator CREATOR
com.google.android.gms.common.internal.zav: android.os.Parcelable$Creator CREATOR
com.google.android.gms.internal.location.zzdd: android.os.Parcelable$Creator CREATOR
com.google.android.gms.location.LocationAvailability: android.os.Parcelable$Creator CREATOR
com.google.android.gms.common.ConnectionResult: android.os.Parcelable$Creator CREATOR
com.google.android.gms.signin.internal.zag: android.os.Parcelable$Creator CREATOR
com.google.android.gms.common.internal.ConnectionTelemetryConfiguration: android.os.Parcelable$Creator CREATOR
com.google.android.gms.signin.internal.zai: android.os.Parcelable$Creator CREATOR
com.google.android.gms.location.zzac: android.os.Parcelable$Creator CREATOR
com.google.android.gms.common.internal.zat: android.os.Parcelable$Creator CREATOR
com.google.android.gms.common.internal.MethodInvocation: android.os.Parcelable$Creator CREATOR
com.google.android.gms.common.internal.TelemetryData: android.os.Parcelable$Creator CREATOR
com.google.android.gms.common.internal.RootTelemetryConfiguration: android.os.Parcelable$Creator CREATOR
androidx.versionedparcelable.ParcelImpl: android.os.Parcelable$Creator CREATOR
com.google.android.gms.location.LocationResult: android.os.Parcelable$Creator CREATOR
com.google.android.gms.common.api.Status: android.os.Parcelable$Creator CREATOR
com.google.android.gms.common.api.Scope: android.os.Parcelable$Creator CREATOR
com.google.android.gms.internal.location.zzg: android.os.Parcelable$Creator CREATOR
com.google.android.gms.location.LocationRequest: android.os.Parcelable$Creator CREATOR