app/build/outputs/mapping/release/mapping.txt
# compiler: R8
# compiler_version: 8.5.10
# min_api: 21
# common_typos_disable
# {"id":"com.android.tools.r8.mapping","version":"2.2"}
# pg_map_id: e775801
# pg_map_hash: SHA-256 e775801fe3342b70288a413da39ca7812de2f63970d681c141c481b50ae19cb3
in.magicqr.dropzonevendor.twa.Application -> in.magicqr.dropzonevendor.twa.Application:
# {"id":"sourceFile","fileName":"Application.java"}
in.magicqr.dropzonevendor.twa.DelegationService -> in.magicqr.dropzonevendor.twa.DelegationService:
# {"id":"sourceFile","fileName":"DelegationService.java"}
in.magicqr.dropzonevendor.twa.LauncherActivity -> in.magicqr.dropzonevendor.twa.LauncherActivity:
# {"id":"sourceFile","fileName":"LauncherActivity.java"}
    1:1:android.net.Uri getLaunchingUrl():0:0 -> h
...
com.google.android.gms.common.util.PlatformVersion -> w.e:
# {"id":"sourceFile","fileName":"com.google.android.gms:play-services-basement@@18.1.0"}
    1:2:boolean isAtLeastJellyBean():0:0 -> a
    1:2:boolean isAtLeastJellyBeanMR2():0:0 -> b
    1:2:boolean isAtLeastKitKatWatch():0:0 -> c
    1:2:boolean isAtLeastLollipop():0:0 -> d
    1:10:boolean isAtLeastN():0:0 -> e
    1:10:boolean isAtLeastO():0:0 -> f
    1:10:boolean isAtLeastP():0:0 -> g
    1:10:boolean isAtLeastQ():0:0 -> h
    1:10:boolean isAtLeastR():0:0 -> i
    1:10:boolean isAtLeastS():0:0 -> j
com.google.android.gms.common.util.WorkSourceUtil -> w.f:
# {"id":"sourceFile","fileName":"com.google.android.gms:play-services-basement@@18.1.0"}
    int zza -> a
    java.lang.reflect.Method zzb -> b
    java.lang.reflect.Method zzc -> c
    java.lang.reflect.Method zzd -> d
    java.lang.reflect.Method zze -> e
    java.lang.reflect.Method zzf -> f
    java.lang.reflect.Method zzg -> g
    java.lang.reflect.Method zzh -> h
    java.lang.reflect.Method zzi -> i
    4:181:void <clinit>():0:0 -> <clinit>
    3:55:void add(android.os.WorkSource,int,java.lang.String):0:0 -> a
    1:37:boolean isEmpty(android.os.WorkSource):0:0 -> b
    1:29:int size(android.os.WorkSource):0:0 -> c
com.google.android.gms.common.util.concurrent.HandlerExecutor -> x.a:
# {"id":"sourceFile","fileName":"com.google.android.gms:play-services-basement@@18.1.0"}
    android.os.Handler zza -> a
    1:11:void <init>(android.os.Looper):0:0 -> <init>
    1:6:void execute(java.lang.Runnable):0:0 -> execute
com.google.android.gms.common.util.zza -> w.g:
# {"id":"sourceFile","fileName":"com.google.android.gms:play-services-basement@@18.1.0"}
    5:7:int zza(int):0:0 -> a
com.google.android.gms.common.wrappers.InstantApps -> y.b:
# {"id":"sourceFile","fileName":"com.google.android.gms:play-services-basement@@18.1.0"}
    android.content.Context zza -> a
    java.lang.Boolean zzb -> b
    1:79:boolean isInstantApp(android.content.Context):0:0 -> a
com.google.android.gms.common.wrappers.InstantApps$$ExternalSyntheticApiModelOutline0 -> y.a:
# {"id":"sourceFile","fileName":"R8$$SyntheticClass"}
# {"id":"com.android.tools.r8.synthesized"}
    1:1:boolean y.InstantApps$$ExternalSyntheticApiModelOutline0.m(android.content.pm.PackageManager):0:0 -> a
      # {"id":"com.android.tools.r8.synthesized"}
com.google.android.gms.common.wrappers.PackageManagerWrapper -> y.c:
# {"id":"sourceFile","fileName":"com.google.android.gms:play-services-basement@@18.1.0"}
    android.content.Context zza -> a
    1:6:void <init>(android.content.Context):0:0 -> <init>
    1:11:android.content.pm.ApplicationInfo getApplicationInfo(java.lang.String,int):0:0 -> a
    1:22:java.lang.CharSequence getApplicationLabel(java.lang.String):0:0 -> b
    1:11:android.content.pm.PackageInfo getPackageInfo(java.lang.String,int):0:0 -> c
com.google.android.gms.common.wrappers.Wrappers -> y.d:
# {"id":"sourceFile","fileName":"com.google.android.gms:play-services-basement@@18.1.0"}
    com.google.android.gms.common.wrappers.PackageManagerWrapper zzb -> a
      # {"id":"com.android.tools.r8.residualsignature","signature":"Ly/c;"}
    com.google.android.gms.common.wrappers.Wrappers zza -> b
      # {"id":"com.android.tools.r8.residualsignature","signature":"Ly/d;"}
    1:8:void <clinit>():0:0 -> <clinit>
    1:7:void <init>():0:0 -> <init>
    1:7:com.google.android.gms.common.wrappers.PackageManagerWrapper packageManager(android.content.Context):0:0 -> a
      # {"id":"com.android.tools.r8.residualsignature","signature":"(Landroid/content/Context;)Ly/c;"}
    1:31:com.google.android.gms.common.wrappers.PackageManagerWrapper zza(android.content.Context):0:0 -> b
      # {"id":"com.android.tools.r8.residualsignature","signature":"(Landroid/content/Context;)Ly/c;"}