app/build/outputs/mapping/release/usage.txt
in.magicqr.dropzonevendor.twa.R$bool
in.magicqr.dropzonevendor.twa.R$color
in.magicqr.dropzonevendor.twa.R$drawable
in.magicqr.dropzonevendor.twa.R$integer
in.magicqr.dropzonevendor.twa.R$mipmap
in.magicqr.dropzonevendor.twa.R$raw
in.magicqr.dropzonevendor.twa.R$string
in.magicqr.dropzonevendor.twa.R$xml
in.magicqr.dropzonevendor.twa.R
...
androidx.core.net.TrafficStatsCompat
androidx.core.net.UriCompat
androidx.core.os.BuildCompat
androidx.core.os.CancellationSignal$OnCancelListener
androidx.core.os.CancellationSignal
androidx.core.os.ConfigurationCompat:
    private void <init>()
androidx.core.os.EnvironmentCompat
androidx.core.os.HandlerCompat
androidx.core.os.LocaleListCompat:
    public static androidx.core.os.LocaleListCompat forLanguageTags(java.lang.String)
    public static androidx.core.os.LocaleListCompat getAdjustedDefault()
    public static androidx.core.os.LocaleListCompat getDefault()
    public static androidx.core.os.LocaleListCompat getEmptyLocaleList()
    public java.util.Locale getFirstMatch(java.lang.String[])
    public int indexOf(java.util.Locale)
    public boolean isEmpty()
    public int size()
    public java.lang.String toLanguageTags()
    public java.lang.Object unwrap()
    public static androidx.core.os.LocaleListCompat wrap(java.lang.Object)
androidx.core.os.LocaleListCompatWrapper:
    private java.util.Locale computeFirstMatch(java.util.Collection,boolean)
    private int computeFirstMatchIndex(java.util.Collection,boolean)
    private int findFirstMatchIndex(java.util.Locale)
    public java.util.Locale getFirstMatch(java.lang.String[])
    private static java.lang.String getLikelyScript(java.util.Locale)
    public int indexOf(java.util.Locale)
    public boolean isEmpty()
    private static boolean isPseudoLocale(java.util.Locale)
    private static int matchScore(java.util.Locale,java.util.Locale)
    public int size()
    public java.lang.String toLanguageTags()
androidx.core.os.LocaleListInterface:
    public abstract java.util.Locale getFirstMatch(java.lang.String[])
    public abstract int indexOf(java.util.Locale)
    public abstract boolean isEmpty()
    public abstract int size()
    public abstract java.lang.String toLanguageTags()
androidx.core.os.LocaleListPlatformWrapper:
    public java.util.Locale getFirstMatch(java.lang.String[])
    public int indexOf(java.util.Locale)
    public boolean isEmpty()
    public int size()
    public java.lang.String toLanguageTags()
androidx.core.os.MessageCompat
androidx.core.os.OperationCanceledException
androidx.core.os.ParcelCompat
androidx.core.os.ParcelableCompat$ParcelableCompatCreatorHoneycombMR2
androidx.core.os.ParcelableCompat
androidx.core.os.ParcelableCompatCreatorCallbacks
androidx.core.os.TraceCompat
androidx.core.os.UserManagerCompat
androidx.core.provider.FontRequest
androidx.core.provider.FontsContractCompat$1
androidx.core.provider.FontsContractCompat$2
androidx.core.provider.FontsContractCompat$3
androidx.core.provider.FontsContractCompat$4$1
androidx.core.provider.FontsContractCompat$4$2
androidx.core.provider.FontsContractCompat$4$3
androidx.core.provider.FontsContractCompat$4$4
androidx.core.provider.FontsContractCompat$4$5
androidx.core.provider.FontsContractCompat$4$6
androidx.core.provider.FontsContractCompat$4$7
androidx.core.provider.FontsContractCompat$4$8
androidx.core.provider.FontsContractCompat$4$9
androidx.core.provider.FontsContractCompat$4
androidx.core.provider.FontsContractCompat$5
androidx.core.provider.FontsContractCompat$Columns
androidx.core.provider.FontsContractCompat$FontFamilyResult
androidx.core.provider.FontsContractCompat$FontInfo
androidx.core.provider.FontsContractCompat$FontRequestCallback$FontRequestFailReason
androidx.core.provider.FontsContractCompat$FontRequestCallback
androidx.core.provider.FontsContractCompat$TypefaceResult
androidx.core.provider.FontsContractCompat
androidx.core.provider.SelfDestructiveThread$1
androidx.core.provider.SelfDestructiveThread$2$1
androidx.core.provider.SelfDestructiveThread$2
androidx.core.provider.SelfDestructiveThread$3
androidx.core.provider.SelfDestructiveThread$ReplyCallback
androidx.core.provider.SelfDestructiveThread
androidx.core.telephony.mbms.MbmsHelper
androidx.core.text.BidiFormatter$Builder
androidx.core.text.BidiFormatter$DirectionalityEstimator